<?xml version="1.0" encoding="UTF-8"?>
<testsuite name="RoverTest" tests="1" skipped="0" failures="0" errors="0" timestamp="2021-05-13T11:47:55" hostname="Nitheshs-MacBook-Pro.local" time="0.029">
  <properties/>
  <testcase name="shouldMoveRoverTillTheSouthEdgeOfThePlateau()" classname="RoverTest" time="0.029"/>
  <system-out><![CDATA[5 0 S
]]></system-out>
  <system-err><![CDATA[]]></system-err>
</testsuite>
