<?xml version="1.0" encoding="UTF-8"?>
<testsuite name="RoverTest" tests="7" skipped="7" failures="0" errors="0" timestamp="2021-06-07T14:46:50" hostname="Nitheshs-MacBook-Pro.local" time="0.004">
  <properties/>
  <testcase name="shouldMoveRoverTillTheSouthEdgeOfThePlateau()" classname="RoverTest" time="0.0">
    <skipped/>
  </testcase>
  <testcase name="shouldMoveRoverTillTheEastEdgeOfThePlateau()" classname="RoverTest" time="0.0">
    <skipped/>
  </testcase>
  <testcase name="shouldBeAbleToThrowExceptionIfRoverIsTryingToMoveOutsideThePlateau()" classname="RoverTest" time="0.0">
    <skipped/>
  </testcase>
  <testcase name="shouldMoveRoverTillTheNorthEdgeOfThePlateau()" classname="RoverTest" time="0.0">
    <skipped/>
  </testcase>
  <testcase name="shouldBeAbleToMoveAsPerTheCommands()" classname="RoverTest" time="0.0">
    <skipped/>
  </testcase>
  <testcase name="shouldMoveRoverTillTheWestEdgeOfThePlateau()" classname="RoverTest" time="0.0">
    <skipped/>
  </testcase>
  <testcase name="shouldBeAbleToMoveAsPerTheCommandsForMoreThan1Rover()" classname="RoverTest" time="0.0">
    <skipped/>
  </testcase>
  <system-out><![CDATA[]]></system-out>
  <system-err><![CDATA[]]></system-err>
</testsuite>
